[2020-07-28T08:27:30.009] [DEBUG] cheese - login => username:zhsan,password:123123
[2020-07-28T08:27:30.016] [DEBUG] cheese - zhsan
[2020-07-28T08:27:30.215] [DEBUG] cheese - null
[2020-07-28T08:27:30.215] [DEBUG] cheese - null
[2020-07-28T08:28:29.874] [DEBUG] cheese - login => username:zhsan,password:123123
[2020-07-28T08:28:29.874] [DEBUG] cheese - zhsan
[2020-07-28T08:28:29.878] [DEBUG] cheese - null
[2020-07-28T08:28:29.878] [DEBUG] cheese - null
[2020-07-28T08:28:41.838] [DEBUG] cheese - login => username:admin,password:123456
[2020-07-28T08:28:41.838] [DEBUG] cheese - admin
[2020-07-28T08:28:41.844] [DEBUG] cheese - null
[2020-07-28T08:28:41.844] [DEBUG] cheese - null
[2020-07-28T08:32:33.734] [DEBUG] cheese - login => username:admin,password:123456
[2020-07-28T08:32:33.734] [DEBUG] cheese - admin
[2020-07-28T08:32:33.738] [DEBUG] cheese - null
[2020-07-28T08:32:33.738] [DEBUG] cheese - null
[2020-07-28T08:32:39.019] [DEBUG] cheese - login => username:zhsan,password:123123
[2020-07-28T08:32:39.019] [DEBUG] cheese - zhsan
[2020-07-28T08:32:39.022] [DEBUG] cheese - null
[2020-07-28T08:32:39.022] [DEBUG] cheese - null
[2020-07-28T08:34:36.822] [DEBUG] cheese - login => username:zhsan,password:123123
[2020-07-28T08:34:36.822] [DEBUG] cheese - zhsan
[2020-07-28T08:34:36.825] [DEBUG] cheese - null
[2020-07-28T08:34:36.825] [DEBUG] cheese - null
[2020-07-28T08:34:44.523] [DEBUG] cheese - login => username:zhsan,password:123123
[2020-07-28T08:34:44.523] [DEBUG] cheese - zhsan
[2020-07-28T08:34:44.526] [DEBUG] cheese - null
[2020-07-28T08:34:44.526] [DEBUG] cheese - null
[2020-07-28T08:34:50.298] [DEBUG] cheese - login => username:admin,password:123456
[2020-07-28T08:34:50.298] [DEBUG] cheese - admin
[2020-07-28T08:34:50.303] [DEBUG] cheese - null
[2020-07-28T08:34:50.304] [DEBUG] cheese - null
[2020-07-28T08:34:56.351] [DEBUG] cheese - login => username:admin,password:123456
[2020-07-28T08:34:56.353] [DEBUG] cheese - admin
[2020-07-28T08:34:56.357] [DEBUG] cheese - null
[2020-07-28T08:34:56.358] [DEBUG] cheese - null
[2020-07-28T08:34:57.037] [DEBUG] cheese - login => username:admin,password:123456
[2020-07-28T08:34:57.037] [DEBUG] cheese - admin
[2020-07-28T08:34:57.042] [DEBUG] cheese - null
[2020-07-28T08:34:57.042] [DEBUG] cheese - null
[2020-07-28T08:35:23.148] [DEBUG] cheese - login => username:admin,password:123456
[2020-07-28T08:35:23.148] [DEBUG] cheese - admin
[2020-07-28T08:35:23.153] [DEBUG] cheese - null
[2020-07-28T08:35:23.153] [DEBUG] cheese - null
[2020-07-28T08:35:33.546] [DEBUG] cheese - login => username:admin,password:123456
[2020-07-28T08:35:33.546] [DEBUG] cheese - admin
[2020-07-28T08:35:33.549] [DEBUG] cheese - null
[2020-07-28T08:35:33.549] [DEBUG] cheese - null
[2020-07-28T08:36:18.049] [DEBUG] cheese - login => username:zhsan,password:123123
[2020-07-28T08:36:18.049] [DEBUG] cheese - zhsan
[2020-07-28T08:36:18.053] [DEBUG] cheese - null
[2020-07-28T08:36:18.053] [DEBUG] cheese - null
[2020-07-28T08:36:23.905] [DEBUG] cheese - login => username:admin,password:123456
[2020-07-28T08:36:23.905] [DEBUG] cheese - admin
[2020-07-28T08:36:23.912] [DEBUG] cheese - null
[2020-07-28T08:36:23.912] [DEBUG] cheese - null
[2020-07-28T08:36:29.510] [DEBUG] cheese - login => username:admin,password:123456
[2020-07-28T08:36:29.510] [DEBUG] cheese - admin
[2020-07-28T08:36:29.514] [DEBUG] cheese - null
[2020-07-28T08:36:29.515] [DEBUG] cheese - null
[2020-07-28T08:37:00.955] [DEBUG] cheese - login => username:zhsan,password:123123
[2020-07-28T08:37:00.955] [DEBUG] cheese - zhsan
[2020-07-28T08:37:00.959] [DEBUG] cheese - null
[2020-07-28T08:37:00.959] [DEBUG] cheese - null
[2020-07-28T08:37:07.237] [DEBUG] cheese - login => username:admin,password:123456
[2020-07-28T08:37:07.238] [DEBUG] cheese - admin
[2020-07-28T08:37:07.242] [DEBUG] cheese - null
[2020-07-28T08:37:07.243] [DEBUG] cheese - null
[2020-07-28T09:11:35.636] [DEBUG] cheese - login => username:zhsan,password:123123
[2020-07-28T09:11:35.637] [DEBUG] cheese - zhsan
[2020-07-28T09:11:35.644] [DEBUG] cheese - null
[2020-07-28T09:11:35.644] [DEBUG] cheese - null
[2020-07-28T09:12:12.610] [DEBUG] cheese - login => username:zhsan,password:123123
[2020-07-28T09:12:12.610] [DEBUG] cheese - zhsan
[2020-07-28T09:12:12.613] [DEBUG] cheese - null
[2020-07-28T09:12:12.613] [DEBUG] cheese - null
[2020-07-28T09:12:22.095] [DEBUG] cheese - login => username:admin,password:123456
[2020-07-28T09:12:22.096] [DEBUG] cheese - admin
[2020-07-28T09:12:22.099] [DEBUG] cheese - null
[2020-07-28T09:12:22.099] [DEBUG] cheese - null
[2020-07-28T09:18:58.108] [DEBUG] cheese - login => username:admin,password:123456
[2020-07-28T09:18:58.109] [DEBUG] cheese - admin
[2020-07-28T09:18:58.114] [DEBUG] cheese - null
[2020-07-28T09:18:58.114] [DEBUG] cheese - null
[2020-07-28T09:21:11.746] [DEBUG] cheese - login => username:admin,password:123456
[2020-07-28T09:21:11.747] [DEBUG] cheese - admin
[2020-07-28T09:21:11.751] [DEBUG] cheese - null
[2020-07-28T09:21:11.752] [DEBUG] cheese - null
[2020-07-28T16:54:21.763] [DEBUG] cheese - login => username:admin,password:123456
[2020-07-28T16:54:21.771] [DEBUG] cheese - admin
[2020-07-28T16:54:21.820] [DEBUG] cheese - null
[2020-07-28T16:54:21.820] [DEBUG] cheese - null
[2020-07-28T16:56:25.986] [DEBUG] cheese - login => username:admin,password:123456
[2020-07-28T16:56:25.986] [DEBUG] cheese - admin
[2020-07-28T16:56:25.989] [DEBUG] cheese - null
[2020-07-28T16:56:25.989] [DEBUG] cheese - null
[2020-07-28T17:01:41.611] [DEBUG] cheese - login => username:admin,password:123456
[2020-07-28T17:01:41.611] [DEBUG] cheese - admin
[2020-07-28T17:01:41.614] [DEBUG] cheese - null
[2020-07-28T17:01:41.614] [DEBUG] cheese - null
[2020-07-28T17:35:18.294] [DEBUG] cheese - login => username:admin,password:123456
[2020-07-28T17:35:18.294] [DEBUG] cheese - admin
[2020-07-28T17:35:18.297] [DEBUG] cheese - null
[2020-07-28T17:35:18.298] [DEBUG] cheese - null
[2020-07-28T17:42:31.414] [DEBUG] cheese - login => username:admin,password:123456
[2020-07-28T17:42:31.414] [DEBUG] cheese - admin
[2020-07-28T17:42:31.416] [DEBUG] cheese - null
[2020-07-28T17:42:31.416] [DEBUG] cheese - null
[2020-07-28T22:17:35.130] [DEBUG] cheese - login => username:admin,password:123456
[2020-07-28T22:17:35.138] [DEBUG] cheese - admin
[2020-07-28T22:17:35.470] [DEBUG] cheese - null
[2020-07-28T22:17:35.471] [DEBUG] cheese - null
[2020-07-28T23:51:19.264] [DEBUG] cheese - login => username:admin,password:123456
[2020-07-28T23:51:19.265] [DEBUG] cheese - admin
[2020-07-28T23:51:19.275] [DEBUG] cheese - null
[2020-07-28T23:51:19.276] [DEBUG] cheese - null
[2020-07-28T23:51:37.495] [DEBUG] cheese - login => username:admin,password:123456
[2020-07-28T23:51:37.495] [DEBUG] cheese - admin
[2020-07-28T23:51:37.499] [DEBUG] cheese - null
[2020-07-28T23:51:37.499] [DEBUG] cheese - null
[2020-07-28T23:53:28.139] [DEBUG] cheese - login => username:admin,password:123456
[2020-07-28T23:53:28.139] [DEBUG] cheese - admin
[2020-07-28T23:53:28.143] [DEBUG] cheese - null
[2020-07-28T23:53:28.143] [DEBUG] cheese - null
[2020-07-28T23:55:11.278] [DEBUG] cheese - login => username:admin,password:123456
[2020-07-28T23:55:11.278] [DEBUG] cheese - admin
[2020-07-28T23:55:11.282] [DEBUG] cheese - null
[2020-07-28T23:55:11.282] [DEBUG] cheese - null
[2020-07-29T07:37:52.957] [DEBUG] cheese - login => username:admin,password:123456
[2020-07-29T07:37:52.959] [DEBUG] cheese - admin
[2020-07-29T07:37:53.260] [DEBUG] cheese - null
[2020-07-29T07:37:53.260] [DEBUG] cheese - null
[2020-07-29T09:08:22.606] [DEBUG] cheese - login => username:admin,password:123456
[2020-07-29T09:08:22.607] [DEBUG] cheese - admin
[2020-07-29T09:08:22.701] [DEBUG] cheese - null
[2020-07-29T09:08:22.701] [DEBUG] cheese - null
[2020-07-29T09:27:32.216] [DEBUG] cheese - login => username:admin,password:123456
[2020-07-29T09:27:32.216] [DEBUG] cheese - admin
[2020-07-29T09:27:32.220] [DEBUG] cheese - null
[2020-07-29T09:27:32.221] [DEBUG] cheese - null
[2020-07-29T10:13:29.876] [DEBUG] cheese - login => username:admin,password:123456
[2020-07-29T10:13:29.877] [DEBUG] cheese - admin
[2020-07-29T10:13:29.882] [DEBUG] cheese - null
[2020-07-29T10:13:29.882] [DEBUG] cheese - null
[2020-07-29T12:25:35.264] [DEBUG] cheese - login => username:admin,password:123456
[2020-07-29T12:25:35.266] [DEBUG] cheese - admin
[2020-07-29T12:25:35.279] [DEBUG] cheese - null
[2020-07-29T12:25:35.280] [DEBUG] cheese - null
[2020-07-29T16:57:17.351] [DEBUG] cheese - login => username:admin,password:123456
[2020-07-29T16:57:17.352] [DEBUG] cheese - admin
[2020-07-29T16:57:17.359] [DEBUG] cheese - null
[2020-07-29T16:57:17.360] [DEBUG] cheese - null
[2020-07-30T11:36:58.630] [DEBUG] cheese - login => username:admin,password:123456
[2020-07-30T11:36:58.632] [DEBUG] cheese - admin
[2020-07-30T11:36:58.753] [DEBUG] cheese - null
[2020-07-30T11:36:58.753] [DEBUG] cheese - null
[2020-07-30T19:51:34.658] [DEBUG] cheese - login => username:admin,password:123456
[2020-07-30T19:51:34.663] [DEBUG] cheese - admin
[2020-07-30T19:51:34.679] [DEBUG] cheese - null
[2020-07-30T19:51:34.679] [DEBUG] cheese - null
[2020-07-31T08:04:58.701] [DEBUG] cheese - login => username:admin,password:123456
[2020-07-31T08:04:58.703] [DEBUG] cheese - admin
[2020-07-31T08:04:58.882] [DEBUG] cheese - null
[2020-07-31T08:04:58.882] [DEBUG] cheese - null
[2020-07-31T18:13:57.040] [DEBUG] cheese - login => username:admin,password:123456
[2020-07-31T18:13:57.041] [DEBUG] cheese - admin
[2020-07-31T18:13:57.052] [DEBUG] cheese - null
[2020-07-31T18:13:57.053] [DEBUG] cheese - null
[2020-08-01T08:07:57.197] [DEBUG] cheese - login => username:admin,password:123456
[2020-08-01T08:07:57.199] [DEBUG] cheese - admin
[2020-08-01T08:07:57.437] [DEBUG] cheese - null
[2020-08-01T08:07:57.437] [DEBUG] cheese - null
[2020-08-01T08:08:08.409] [DEBUG] cheese - null
[2020-08-01T08:09:51.386] [DEBUG] cheese - null
[2020-08-01T18:33:10.591] [DEBUG] cheese - login => username:admin,password:123456
[2020-08-01T18:33:10.594] [DEBUG] cheese - admin
[2020-08-01T18:33:10.604] [DEBUG] cheese - null
[2020-08-01T18:33:10.604] [DEBUG] cheese - null
[2020-08-01T19:56:58.104] [DEBUG] cheese - login => username:admin,password:123456
[2020-08-01T19:56:58.105] [DEBUG] cheese - admin
[2020-08-01T19:56:58.108] [DEBUG] cheese - null
[2020-08-01T19:56:58.109] [DEBUG] cheese - null
[2020-08-01T21:44:28.831] [DEBUG] cheese - login => username:admin,password:123456
[2020-08-01T21:44:28.929] [DEBUG] cheese - admin
[2020-08-01T21:44:28.935] [DEBUG] cheese - null
[2020-08-01T21:44:28.946] [DEBUG] cheese - null
[2020-08-02T00:20:23.347] [DEBUG] cheese - login => username:admin,password:123456
[2020-08-02T00:20:23.351] [DEBUG] cheese - admin
[2020-08-02T00:20:23.355] [DEBUG] cheese - null
[2020-08-02T00:20:23.356] [DEBUG] cheese - null
[2020-08-02T09:34:53.773] [DEBUG] cheese - login => username:admin,password:123456
[2020-08-02T09:34:53.781] [DEBUG] cheese - admin
[2020-08-02T09:34:55.904] [DEBUG] cheese - null
[2020-08-02T09:34:55.905] [DEBUG] cheese - null
[2020-08-02T22:18:14.244] [DEBUG] cheese - login => username:admin,password:123456
[2020-08-02T22:18:14.439] [DEBUG] cheese - admin
[2020-08-02T22:18:14.476] [DEBUG] cheese - null
[2020-08-02T22:18:14.477] [DEBUG] cheese - null
[2020-08-03T08:32:05.939] [DEBUG] cheese - login => username:admin,password:123456
[2020-08-03T08:32:05.943] [DEBUG] cheese - admin
[2020-08-03T08:32:06.166] [DEBUG] cheese - null
[2020-08-03T08:32:06.168] [DEBUG] cheese - null
[2020-08-04T10:37:22.976] [DEBUG] cheese - login => username:admin,password:123456
[2020-08-04T10:37:22.978] [DEBUG] cheese - admin
[2020-08-04T10:37:23.242] [DEBUG] cheese - null
[2020-08-04T10:37:23.242] [DEBUG] cheese - null
[2020-08-04T22:50:13.916] [DEBUG] cheese - login => username:admin,password:123456
[2020-08-04T22:50:13.933] [DEBUG] cheese - admin
[2020-08-04T22:50:13.938] [DEBUG] cheese - null
[2020-08-04T22:50:13.938] [DEBUG] cheese - null
[2020-08-05T09:02:26.824] [DEBUG] cheese - login => username:admin,password:123456
[2020-08-05T09:02:26.826] [DEBUG] cheese - admin
[2020-08-05T09:02:27.066] [DEBUG] cheese - null
[2020-08-05T09:02:27.066] [DEBUG] cheese - null
[2020-08-05T23:40:30.366] [DEBUG] cheese - null
[2020-08-05T23:41:29.154] [DEBUG] cheese - null
[2020-08-06T08:58:38.132] [DEBUG] cheese - login => username:admin,password:123456
[2020-08-06T08:58:38.133] [DEBUG] cheese - admin
[2020-08-06T08:58:38.321] [DEBUG] cheese - null
[2020-08-06T08:58:38.322] [DEBUG] cheese - null
[2020-08-06T14:34:49.007] [DEBUG] cheese - login => username:admin,password:123456
[2020-08-06T14:34:49.105] [DEBUG] cheese - admin
[2020-08-06T14:34:49.412] [DEBUG] cheese - null
[2020-08-06T14:34:49.413] [DEBUG] cheese - null
[2020-08-06T14:36:36.892] [DEBUG] cheese - login => username:admin,password:123456
[2020-08-06T14:36:36.892] [DEBUG] cheese - admin
[2020-08-06T14:36:36.895] [DEBUG] cheese - null
[2020-08-06T14:36:36.896] [DEBUG] cheese - null
[2020-08-06T14:42:54.029] [DEBUG] cheese - login => username:admin,password:123456
[2020-08-06T14:42:54.030] [DEBUG] cheese - admin
[2020-08-06T14:42:54.034] [DEBUG] cheese - null
[2020-08-06T14:42:54.034] [DEBUG] cheese - null
[2020-08-06T21:52:20.997] [DEBUG] cheese - login => username:admin,password:123456
[2020-08-06T21:52:21.000] [DEBUG] cheese - admin
[2020-08-06T21:52:21.347] [DEBUG] cheese - null
[2020-08-06T21:52:21.348] [DEBUG] cheese - null
[2020-08-07T00:18:21.999] [DEBUG] cheese - login => username:admin,password:123456
[2020-08-07T00:18:22.092] [DEBUG] cheese - admin
[2020-08-07T00:18:23.082] [DEBUG] cheese - null
[2020-08-07T00:18:23.082] [DEBUG] cheese - null
[2020-08-07T00:24:06.756] [DEBUG] cheese - login => username:admin,password:123456
[2020-08-07T00:24:06.757] [DEBUG] cheese - admin
[2020-08-07T00:24:06.759] [DEBUG] cheese - null
[2020-08-07T00:24:06.759] [DEBUG] cheese - null
[2020-08-07T00:47:32.239] [DEBUG] cheese - login => username:admin,password:123456
[2020-08-07T00:47:32.239] [DEBUG] cheese - admin
[2020-08-07T00:47:32.241] [DEBUG] cheese - null
[2020-08-07T00:47:32.242] [DEBUG] cheese - null
[2020-08-07T01:41:27.128] [DEBUG] cheese - login => username:admin,password:123456
[2020-08-07T01:41:27.166] [DEBUG] cheese - admin
[2020-08-07T01:41:27.839] [DEBUG] cheese - null
[2020-08-07T01:41:27.839] [DEBUG] cheese - null
[2020-08-07T10:46:02.090] [DEBUG] cheese - login => username:admin,password:123456
[2020-08-07T10:46:02.092] [DEBUG] cheese - admin
[2020-08-07T10:46:04.265] [DEBUG] cheese - null
[2020-08-07T10:46:04.265] [DEBUG] cheese - null
[2020-08-07T11:55:49.896] [DEBUG] cheese - login => username:admin,password:123456
[2020-08-07T11:55:49.897] [DEBUG] cheese - admin
[2020-08-07T11:55:50.071] [DEBUG] cheese - null
[2020-08-07T11:55:50.071] [DEBUG] cheese - null
[2020-08-07T12:05:56.525] [DEBUG] cheese - login => username:admin,password:123456
[2020-08-07T12:05:56.527] [DEBUG] cheese - admin
[2020-08-07T12:05:56.530] [DEBUG] cheese - null
[2020-08-07T12:05:56.537] [DEBUG] cheese - null
